<?xml version="1.0" encoding="UTF-8"?>
<!-- Generated by org.testng.reporters.JUnitXMLReporter -->
<testsuite hostname="Saer-Ubutu32" name="Surefire test" tests="19" failures="0" timestamp="16 Oct 2016 13:55:20 GMT" time="0.194" errors="0">
  <testcase name="testGenderConvertor on testGenderConvertor(se.nackademin.examination.examination_jacoco.ConversorTest)" time="0.006" classname="se.nackademin.examination.examination_jacoco.ConversorTest"/>
  <testcase name="testAgeConvertor on testAgeConvertor(se.nackademin.examination.examination_jacoco.ConversorTest)" time="0.001" classname="se.nackademin.examination.examination_jacoco.ConversorTest"/>
  <testcase name="testConversor on testConversor(se.nackademin.examination.examination_jacoco.ConversorTest)" time="0.0" classname="se.nackademin.examination.examination_jacoco.ConversorTest"/>
  <testcase name="testCityConvertor on testCityConvertor(se.nackademin.examination.examination_jacoco.ConversorTest)" time="0.0" classname="se.nackademin.examination.examination_jacoco.ConversorTest"/>
  <testcase name="testMainMethod on testMainMethod(se.nackademin.examination.examination_jacoco.MainTest)" time="0.001" classname="se.nackademin.examination.examination_jacoco.MainTest"/>
  <testcase name="testRun on testRun(se.nackademin.examination.examination_jacoco.GameTest)" time="0.004" classname="se.nackademin.examination.examination_jacoco.GameTest"/>
  <testcase name="testCalculateBasedOnCity on testCalculateBasedOnCity(se.nackademin.examination.examination_jacoco.GameTest)" time="0.004" classname="se.nackademin.examination.examination_jacoco.GameTest"/>
  <testcase name="testCalculateBasedOnGender on testCalculateBasedOnGender(se.nackademin.examination.examination_jacoco.GameTest)" time="0.0" classname="se.nackademin.examination.examination_jacoco.GameTest"/>
  <testcase name="testCalculateBasedOnAge on testCalculateBasedOnAge(se.nackademin.examination.examination_jacoco.GameTest)" time="0.001" classname="se.nackademin.examination.examination_jacoco.GameTest"/>
  <testcase name="testCalculateBasedOnNames on testCalculateBasedOnNames(se.nackademin.examination.examination_jacoco.GameTest)" time="0.0" classname="se.nackademin.examination.examination_jacoco.GameTest"/>
  <testcase name="testRunGame on testRunGame(se.nackademin.examination.examination_jacoco.GameTest)" time="0.0" classname="se.nackademin.examination.examination_jacoco.GameTest"/>
  <testcase name="testFinalString on testFinalString(se.nackademin.examination.examination_jacoco.GameTest)" time="0.0" classname="se.nackademin.examination.examination_jacoco.GameTest"/>
  <testcase name="testGetResultForHomeCity on testGetResultForHomeCity(se.nackademin.examination.examination_jacoco.ResultsFromInputsTest)" time="0.0" classname="se.nackademin.examination.examination_jacoco.ResultsFromInputsTest"/>
  <testcase name="testGetResultForAge on testGetResultForAge(se.nackademin.examination.examination_jacoco.ResultsFromInputsTest)" time="0.0" classname="se.nackademin.examination.examination_jacoco.ResultsFromInputsTest"/>
  <testcase name="testGetResultForGender on testGetResultForGender(se.nackademin.examination.examination_jacoco.ResultsFromInputsTest)" time="0.0" classname="se.nackademin.examination.examination_jacoco.ResultsFromInputsTest"/>
  <testcase name="testAgeGettersAndSettersMethods on testAgeGettersAndSettersMethods(se.nackademin.examination.examination_jacoco.ResultsFromInputsTest)" time="0.001" classname="se.nackademin.examination.examination_jacoco.ResultsFromInputsTest"/>
  <testcase name="testCityAndAge on testCityAndAge(se.nackademin.examination.examination_jacoco.DataAnalysisTest)" time="0.006" classname="se.nackademin.examination.examination_jacoco.DataAnalysisTest"/>
  <testcase name="test1 on test1(se.nackademin.examination.examination_jacoco.DataAnalysisTest)" time="0.0" classname="se.nackademin.examination.examination_jacoco.DataAnalysisTest"/>
  <testcase name="testAgeAndNameStrings on testAgeAndNameStrings(se.nackademin.examination.examination_jacoco.DataAnalysisTest)" time="0.0" classname="se.nackademin.examination.examination_jacoco.DataAnalysisTest"/>
</testsuite> <!-- Surefire test -->
